proguard/seeds.txt
zce.log.cat.LogCatActivity
zce.log.cat.LogCatActivity: LogCatActivity()
zce.log.cat.LogCatActivity: void onClick(android.view.View)
zce.log.cat.LogCatService
zce.log.cat.LogCatService: LogCatService()
zce.log.cat.R$anim: int zoom_enter
zce.log.cat.R$anim: int zoom_exit
zce.log.cat.R$attr: int adId
zce.log.cat.R$attr: int adSize
zce.log.cat.R$attr: int allowSingleTap
zce.log.cat.R$attr: int animateOnClick
zce.log.cat.R$attr: int bottomOffset
zce.log.cat.R$attr: int content
zce.log.cat.R$attr: int direction
zce.log.cat.R$attr: int handle
zce.log.cat.R$attr: int topOffset
zce.log.cat.R$color: int cblue
zce.log.cat.R$drawable: int bg
zce.log.cat.R$drawable: int btn_bg
zce.log.cat.R$drawable: int btn_focused
zce.log.cat.R$drawable: int btn_pressed
zce.log.cat.R$drawable: int checkbox_bg
zce.log.cat.R$drawable: int checkbox_check
zce.log.cat.R$drawable: int checkbox_uncheck
zce.log.cat.R$drawable: int d1
zce.log.cat.R$drawable: int d2
zce.log.cat.R$drawable: int d3
zce.log.cat.R$drawable: int d4
zce.log.cat.R$drawable: int d5
zce.log.cat.R$drawable: int d6
zce.log.cat.R$drawable: int d7
zce.log.cat.R$drawable: int d8
zce.log.cat.R$drawable: int down
zce.log.cat.R$drawable: int edit_bg
zce.log.cat.R$drawable: int edit_clear
zce.log.cat.R$drawable: int icon
zce.log.cat.R$drawable: int item_select
zce.log.cat.R$drawable: int mp_close
zce.log.cat.R$drawable: int mp_icon
zce.log.cat.R$drawable: int progress
zce.log.cat.R$drawable: int up
zce.log.cat.R$drawable: int v_bg
zce.log.cat.R$id: int AdLayout
zce.log.cat.R$id: int adView1
zce.log.cat.R$id: int adView2
zce.log.cat.R$id: int bottomToTop
zce.log.cat.R$id: int clear
zce.log.cat.R$id: int copy
zce.log.cat.R$id: int exit
zce.log.cat.R$id: int leftToRight
zce.log.cat.R$id: int list
zce.log.cat.R$id: int package_name_edit
zce.log.cat.R$id: int rightToLeft
zce.log.cat.R$id: int save_path_edit
zce.log.cat.R$id: int search
zce.log.cat.R$id: int start
zce.log.cat.R$id: int tag_d
zce.log.cat.R$id: int tag_e
zce.log.cat.R$id: int tag_i
zce.log.cat.R$id: int tag_r
zce.log.cat.R$id: int tag_v
zce.log.cat.R$id: int tag_w
zce.log.cat.R$id: int tool
zce.log.cat.R$id: int toollayout
zce.log.cat.R$id: int tooltitle
zce.log.cat.R$id: int topToBottom
zce.log.cat.R$id: int view1
zce.log.cat.R$id: int view2
zce.log.cat.R$layout: int content
zce.log.cat.R$layout: int main
zce.log.cat.R$layout: int simple_dropdown_item
zce.log.cat.R$layout: int simple_file_item
zce.log.cat.R$layout: int simple_item
zce.log.cat.R$raw: int data
zce.log.cat.R$string: int aboutstr
zce.log.cat.R$string: int app_name
zce.log.cat.R$string: int autorun
zce.log.cat.R$string: int backstr
zce.log.cat.R$string: int bnotfound
zce.log.cat.R$string: int cancle
zce.log.cat.R$string: int clearstr
zce.log.cat.R$string: int copynotice
zce.log.cat.R$string: int copystr
zce.log.cat.R$string: int error
zce.log.cat.R$string: int exitstr
zce.log.cat.R$string: int explainstr
zce.log.cat.R$string: int ftgtd
zce.log.cat.R$string: int notfound
zce.log.cat.R$string: int packagestr
zce.log.cat.R$string: int report
zce.log.cat.R$string: int rootstr
zce.log.cat.R$string: int runstr
zce.log.cat.R$string: int savepathstr
zce.log.cat.R$string: int savestr
zce.log.cat.R$string: int sdknotice
zce.log.cat.R$string: int search
zce.log.cat.R$string: int searchstr
zce.log.cat.R$string: int selectstr
zce.log.cat.R$string: int send
zce.log.cat.R$string: int startstr
zce.log.cat.R$string: int tag_d_str
zce.log.cat.R$string: int tag_e_str
zce.log.cat.R$string: int tag_i_str
zce.log.cat.R$string: int tag_v_str
zce.log.cat.R$string: int tag_w_str
zce.log.cat.R$string: int toolstr
zce.log.cat.R$string: int wmsg
zce.log.cat.R$string: int wnotice
zce.log.cat.R$style: int AppTheme
zce.log.cat.R$style: int Style
zce.log.cat.R$style: int Transparent
zce.log.cat.R$style: int dialogStyle
zce.log.cat.R$style: int menuStyle