proguard/mapping.txt
zce.log.cat.LogCatActivity -> zce.log.cat.LogCatActivity:
    android.widget.ListView listView -> d
    zce.log.cat.widget.AutoCompleteTextView package_name_edit -> e
    android.widget.EditText save_path_edit -> f
    android.widget.CheckBox tag_vCheckBox -> g
    android.widget.CheckBox tag_dCheckBox -> h
    android.widget.CheckBox tag_iCheckBox -> i
    android.widget.CheckBox tag_wCheckBox -> j
    android.widget.CheckBox tag_eCheckBox -> k
    android.widget.CheckBox tag_rCheckBox -> l
    android.widget.Button startButton -> m
    android.widget.Button clearButton -> n
    android.widget.Button exitButton -> o
    android.widget.Button copy -> p
    android.widget.Button search -> q
    android.widget.Toast toast -> r
    android.content.Intent intent -> s
    android.widget.TableLayout toollayout -> t
    android.widget.RelativeLayout rltool -> u
    java.util.ArrayList appname -> v
    android.widget.ArrayAdapter adapter -> w
    zce.log.cat.LogCatAdapter simpleAdapter -> x
    zce.log.cat.LogCatActivity$MyReceiver receiver -> y
    android.text.ClipboardManager cm -> z
    zce.log.cat.LogCatService lcs -> A
    java.lang.String SdPath -> B
    java.lang.String logdata -> C
    boolean isPause -> D
    boolean isError -> E
    android.content.ServiceConnection connection -> F
    void onCreate(android.os.Bundle) -> onCreate
    void onDestroy() -> onDestroy
    void onPause() -> onPause
    void onResume() -> onResume
zce.log.cat.LogCatActivity$1 -> zce.log.cat.èž:
    zce.log.cat.LogCatActivity this$0 -> a
    void onServiceConnected(android.content.ComponentName,android.os.IBinder) -> onServiceConnected
    void onServiceDisconnected(android.content.ComponentName) -> onServiceDisconnected
zce.log.cat.LogCatActivity$2 -> zce.log.cat.å…:
    zce.log.cat.LogCatActivity this$0 -> a
    void run() -> run
zce.log.cat.LogCatActivity$3 -> zce.log.cat.è:
    zce.log.cat.LogCatActivity this$0 -> a
    boolean val$getSysPackages -> b
    void run() -> run
    zce.log.cat.LogCatActivity access$0(zce.log.cat.LogCatActivity$3) -> a
zce.log.cat.LogCatActivity$3$1 -> zce.log.cat.é:
    zce.log.cat.LogCatActivity$3 this$1 -> a
    void run() -> run
zce.log.cat.LogCatActivity$4 -> zce.log.cat.éª:
    zce.log.cat.LogCatActivity this$0 -> a
    void onClick(android.content.DialogInterface,int) -> onClick
zce.log.cat.LogCatActivity$5 -> zce.log.cat.ç:
    zce.log.cat.LogCatActivity this$0 -> a
    java.io.File val$file -> b
    void onClick(android.content.DialogInterface,int) -> onClick
zce.log.cat.LogCatActivity$MyReceiver -> zce.log.cat.çš:
    zce.log.cat.LogCatActivity this$0 -> a
    void onReceive(android.content.Context,android.content.Intent) -> onReceive
    zce.log.cat.LogCatActivity access$1(zce.log.cat.LogCatActivity$MyReceiver) -> a
zce.log.cat.LogCatActivity$MyReceiver$1 -> zce.log.cat.è³:
    zce.log.cat.LogCatActivity$MyReceiver this$1 -> a
    void run() -> run